<?xml version="1.0" encoding="UTF-8"?>
<testng-results ignored="0" total="1" passed="1" failed="0" skipped="0">
  <reporter-output>
  </reporter-output>
  <suite started-at="2020-12-29T14:40:16Z" name="Default suite" finished-at="2020-12-29T14:40:44Z" duration-ms="28725">
    <groups>
    </groups>
    <test started-at="2020-12-29T14:40:16Z" name="Default test" finished-at="2020-12-29T14:40:44Z" duration-ms="28725">
      <class name="eCommerceLive.TestCase1">
        <test-method is-config="true" signature="setUp()[pri:0, instance:eCommerceLive.TestCase1@7dc0f706]" started-at="2020-12-29T14:40:16Z" name="setUp" finished-at="2020-12-29T14:40:22Z" duration-ms="6192" status="PASS">
          <reporter-output>
          </reporter-output>
        </test-method> <!-- setUp -->
        <test-method signature="testDay1TestCase1()[pri:0, instance:eCommerceLive.TestCase1@7dc0f706]" started-at="2020-12-29T14:40:22Z" name="testDay1TestCase1" finished-at="2020-12-29T14:40:44Z" duration-ms="21734" status="PASS">
          <reporter-output>
          </reporter-output>
        </test-method> <!-- testDay1TestCase1 -->
        <test-method is-config="true" signature="tearDown()[pri:0, instance:eCommerceLive.TestCase1@7dc0f706]" started-at="2020-12-29T14:40:44Z" name="tearDown" finished-at="2020-12-29T14:40:44Z" duration-ms="774" status="PASS">
          <reporter-output>
          </reporter-output>
        </test-method> <!-- tearDown -->
      </class> <!-- eCommerceLive.TestCase1 -->
    </test> <!-- Default test -->
  </suite> <!-- Default suite -->
</testng-results>
